Using pre-set license

 COMMAND LINE ARGUMENTS:
/Applications/Unity Editor Versions/2020.3.13f1/Unity.app/Contents/MacOS/Unity
-adb2
-batchMode
-noUpm
-name
AssetImportWorker0
-projectPath
/Users/sven/Documents/GitHub/Programming-Theory-Repo3/Programming Theory Project
-logFile
Logs/AssetImportWorker0.log
-srvPort
50139
Successfully changed project path to: /Users/sven/Documents/GitHub/Programming-Theory-Repo3/Programming Theory Project
/Users/sven/Documents/GitHub/Programming-Theory-Repo3/Programming Theory Project
Using Asset Import Pipeline V2.
Refreshing native plugins compatible for Editor in 53.82 ms, found 2 plugins.
Preloading 0 native plugins for Editor in 0.00 ms.
Initialize engine version: 2020.3.13f1 (71691879b7f5)
[Subsystems] Discovering subsystems at path /Applications/Unity Editor Versions/2020.3.13f1/Unity.app/Contents/Resources/UnitySubsystems
[Subsystems] Discovering subsystems at path /Users/sven/Documents/GitHub/Programming-Theory-Repo3/Programming Theory Project/Assets
GfxDevice: creating device client; threaded=0
2021-08-16 12:18:16.808 Unity[40167:955733] iMac preferred device: AMD Radeon R9 M290X (high power)
2021-08-16 12:18:16.808 Unity[40167:955733] Metal devices available: 1
2021-08-16 12:18:16.808 Unity[40167:955733] 0: AMD Radeon R9 M290X (high power)
2021-08-16 12:18:16.808 Unity[40167:955733] Using device AMD Radeon R9 M290X (high power)
Initializing Metal device caps: AMD Radeon R9 M290X
Shader 'Universal Render Pipeline/Particles/Lit': fallback shader 'Universal Render Pipeline/Particles/SimpleLit' not found
Initialize mono
Mono path[0] = '/Applications/Unity Editor Versions/2020.3.13f1/Unity.app/Contents/Managed'
Mono path[1] = '/Applications/Unity Editor Versions/2020.3.13f1/Unity.app/Contents/MonoBleedingEdge/lib/mono/unityjit'
Mono config path = '/Applications/Unity Editor Versions/2020.3.13f1/Unity.app/Contents/MonoBleedingEdge/etc'
Using monoOptions --debugger-agent=transport=dt_socket,embedding=1,server=y,suspend=n,address=127.0.0.1:56167
Begin MonoManager ReloadAssembly
Registering precompiled unity dll's ...
Register platform support module: /Applications/Unity Editor Versions/2020.3.13f1/PlaybackEngines/WebGLSupport/UnityEditor.WebGL.Extensions.dll
Register platform support module: /Applications/Unity Editor Versions/2020.3.13f1/Unity.app/Contents/PlaybackEngines/MacStandaloneSupport/UnityEditor.OSXStandalone.Extensions.dll
Registered in 0.001197 seconds.
Native extension for OSXStandalone target not found
Native extension for WebGL target not found
Refreshing native plugins compatible for Editor in 45.22 ms, found 2 plugins.
Preloading 0 native plugins for Editor in 0.00 ms.
Mono: successfully reloaded assembly
- Completed reload, in  4.047 seconds
Platform modules already initialized, skipping
Registering precompiled user dll's ...
Registered in 0.005890 seconds.
