Using pre-set license

 COMMAND LINE ARGUMENTS:
/Applications/Unity Editor Versions/2020.3.13f1/Unity.app/Contents/MacOS/Unity
-adb2
-batchMode
-noUpm
-name
AssetImportWorker0
-projectPath
/Users/sven/Documents/GitHub/Programming-Theory-Repo3/Programming Theory Project
-logFile
Logs/AssetImportWorker0.log
-srvPort
56982
Successfully changed project path to: /Users/sven/Documents/GitHub/Programming-Theory-Repo3/Programming Theory Project
/Users/sven/Documents/GitHub/Programming-Theory-Repo3/Programming Theory Project
Using Asset Import Pipeline V2.
Refreshing native plugins compatible for Editor in 54.23 ms, found 2 plugins.
Preloading 0 native plugins for Editor in 0.00 ms.
Initialize engine version: 2020.3.13f1 (71691879b7f5)
[Subsystems] Discovering subsystems at path /Applications/Unity Editor Versions/2020.3.13f1/Unity.app/Contents/Resources/UnitySubsystems
[Subsystems] Discovering subsystems at path /Users/sven/Documents/GitHub/Programming-Theory-Repo3/Programming Theory Project/Assets
GfxDevice: creating device client; threaded=0
2021-08-21 15:58:20.633 Unity[40718:884502] iMac preferred device: AMD Radeon R9 M290X (high power)
2021-08-21 15:58:20.633 Unity[40718:884502] Metal devices available: 1
2021-08-21 15:58:20.633 Unity[40718:884502] 0: AMD Radeon R9 M290X (high power)
2021-08-21 15:58:20.634 Unity[40718:884502] Using device AMD Radeon R9 M290X (high power)
Initializing Metal device caps: AMD Radeon R9 M290X
Shader 'Universal Render Pipeline/Particles/Lit': fallback shader 'Universal Render Pipeline/Particles/SimpleLit' not found
Initialize mono
Mono path[0] = '/Applications/Unity Editor Versions/2020.3.13f1/Unity.app/Contents/Managed'
Mono path[1] = '/Applications/Unity Editor Versions/2020.3.13f1/Unity.app/Contents/MonoBleedingEdge/lib/mono/unityjit'
Mono config path = '/Applications/Unity Editor Versions/2020.3.13f1/Unity.app/Contents/MonoBleedingEdge/etc'
Using monoOptions --debugger-agent=transport=dt_socket,embedding=1,server=y,suspend=n,address=127.0.0.1:56718
Begin MonoManager ReloadAssembly
Registering precompiled unity dll's ...
Register platform support module: /Applications/Unity Editor Versions/2020.3.13f1/PlaybackEngines/WebGLSupport/UnityEditor.WebGL.Extensions.dll
Register platform support module: /Applications/Unity Editor Versions/2020.3.13f1/Unity.app/Contents/PlaybackEngines/MacStandaloneSupport/UnityEditor.OSXStandalone.Extensions.dll
Registered in 0.001160 seconds.
Native extension for OSXStandalone target not found
Native extension for WebGL target not found
Refreshing native plugins compatible for Editor in 50.97 ms, found 2 plugins.
Preloading 0 native plugins for Editor in 0.00 ms.
Mono: successfully reloaded assembly
- Completed reload, in  2.687 seconds
Platform modules already initialized, skipping
Registering precompiled user dll's ...
Registered in 0.004617 seconds.
Begin MonoManager ReloadAssembly
Native extension for OSXStandalone target not found
Native extension for WebGL target not found
Refreshing native plugins compatible for Editor in 54.45 ms, found 2 plugins.
Preloading 0 native plugins for Editor in 0.00 ms.
Mono: successfully reloaded assembly
- Completed reload, in  1.477 seconds
Platform modules already initialized, skipping
========================================================================
Worker process is ready to serve import requests
Shader 'Universal Render Pipeline/Particles/Lit': fallback shader 'Universal Render Pipeline/Particles/SimpleLit' not found
Launching external process: /Applications/Unity Editor Versions/2020.3.13f1/Unity.app/Contents/Tools/UnityShaderCompiler
Launched and connected shader compiler UnityShaderCompiler after 0.01 seconds
Refreshing native plugins compatible for Editor in 0.52 ms, found 2 plugins.
Preloading 0 native plugins for Editor in 0.00 ms.
Unloading 2833 Unused Serialized files (Serialized files now loaded: 0)
System memory in use before: 219.0 MB.
System memory in use after: 219.2 MB.

Unloading 20 unused Assets to reduce memory usage. Loaded Objects now: 3266.
Total: 2.550169 ms (FindLiveObjects: 0.284447 ms CreateObjectMapping: 0.104670 ms MarkObjects: 2.072280 ms  DeleteObjects: 0.087162 ms)

AssetImportParameters requested are different than current active one (requested -> active):
  custom:video-decoder-ogg-theora: a1e56fd34408186e4bbccfd4996cb3dc -> 
  custom:container-muxer-webm: aa71ff27fc2769a1b78a27578f13a17b -> 
  custom:container-demuxer-webm: 4f35f7cbe854078d1ac9338744f61a02 -> 
  custom:container-demuxer-ogg: 62fdf1f143b41e24485cea50d1cbac27 -> 
  custom:video-encoder-webm-vp8: eb34c28f22e8b96e1ab97ce403110664 -> 
  custom:framework-osx-AVFoundation: e770b220cccbd017edd2c1fefb359320 -> 
  custom:video-decoder-webm-vp8: 9c59270c3fd7afecdb556c50c9e8de78 -> 
  custom:audio-decoder-ogg-vorbis: bf7c407c2cedff20999df2af8eb42d56 -> 
  custom:audio-encoder-webm-vorbis: bf7c407c2cedff20999df2af8eb42d56 -> 
========================================================================
Received Import Request.
  path: Assets/Imported Assets/Asset Unlock - 3D Prototyping/Character/Animations/Player.controller
  artifactKey: Guid(f4699914387f343499505f4ab1a077cc) Importer(815301076,1909f56bfc062723c751e8b465ee728b)
Start importing Assets/Imported Assets/Asset Unlock - 3D Prototyping/Character/Animations/Player.controller using Guid(f4699914387f343499505f4ab1a077cc) Importer(815301076,1909f56bfc062723c751e8b465ee728b)  -> (artifact id: '4383c544cbcb1bd4002e7e3ceedb8729') in 1.489134 seconds 
  Import took 1.494797 seconds .

========================================================================
Received Import Request.
  Time since last request: 0.000301 seconds.
  path: Assets/Imported Assets/Asset Unlock - 3D Prototyping/Character/Animations/Player@Header.fbx
  artifactKey: Guid(bdd7a3a8eb93a8d4da95e93dc477be06) Importer(815301076,1909f56bfc062723c751e8b465ee728b)
Start importing Assets/Imported Assets/Asset Unlock - 3D Prototyping/Character/Animations/Player@Header.fbx using Guid(bdd7a3a8eb93a8d4da95e93dc477be06) Importer(815301076,1909f56bfc062723c751e8b465ee728b)  -> (artifact id: 'f54cf1275943f58a9b63e864b121b780') in 0.775193 seconds 
  Import took 0.780145 seconds .

========================================================================
Received Import Request.
  Time since last request: 8.691334 seconds.
  path: Assets/Imported Assets/Asset Unlock - 3D Prototyping/Character/Animations/Player@Idle.fbx
  artifactKey: Guid(dece7404437a30844b0b814733705635) Importer(815301076,1909f56bfc062723c751e8b465ee728b)
Start importing Assets/Imported Assets/Asset Unlock - 3D Prototyping/Character/Animations/Player@Idle.fbx using Guid(dece7404437a30844b0b814733705635) Importer(815301076,1909f56bfc062723c751e8b465ee728b)  -> (artifact id: '7e5f06d55feded465cde36bf5f771f3a') in 0.040424 seconds 
  Import took 0.046569 seconds .

========================================================================
Received Prepare
Shader 'Universal Render Pipeline/Particles/Lit': fallback shader 'Universal Render Pipeline/Particles/SimpleLit' not found
Refreshing native plugins compatible for Editor in 3.81 ms, found 2 plugins.
Preloading 0 native plugins for Editor in 0.00 ms.
Unloading 13 Unused Serialized files (Serialized files now loaded: 0)
System memory in use before: 189.4 MB.
System memory in use after: 189.6 MB.

Unloading 13 unused Assets to reduce memory usage. Loaded Objects now: 3375.
Total: 3.668243 ms (FindLiveObjects: 0.382860 ms CreateObjectMapping: 0.252320 ms MarkObjects: 2.979572 ms  DeleteObjects: 0.052716 ms)

AssetImportParameters requested are different than current active one (requested -> active):
  custom:video-decoder-ogg-theora: a1e56fd34408186e4bbccfd4996cb3dc -> 
  custom:container-muxer-webm: aa71ff27fc2769a1b78a27578f13a17b -> 
  custom:container-demuxer-webm: 4f35f7cbe854078d1ac9338744f61a02 -> 
  custom:container-demuxer-ogg: 62fdf1f143b41e24485cea50d1cbac27 -> 
  custom:video-encoder-webm-vp8: eb34c28f22e8b96e1ab97ce403110664 -> 
  custom:framework-osx-AVFoundation: e770b220cccbd017edd2c1fefb359320 -> 
  custom:video-decoder-webm-vp8: 9c59270c3fd7afecdb556c50c9e8de78 -> 
  custom:audio-decoder-ogg-vorbis: bf7c407c2cedff20999df2af8eb42d56 -> 
  custom:audio-encoder-webm-vorbis: bf7c407c2cedff20999df2af8eb42d56 -> 
AssetImportWorkerClient::OnTransportError - code=2 error=End of file
